2025-06-02T00:38:36.641+05:30  INFO 13968 --- [AssetManagement] [main] c.h.a.AssetManagementApplication         : Starting AssetManagementApplication using Java 21.0.6 with PID 13968 (C:\Users\Yakesh\Downloads\Spring Training Repo\Spring-Training\AssetManagement\target\classes started by Yakesh in C:\Users\Yakesh\Downloads\Spring Training Repo\Spring-Training\AssetManagement)
2025-06-02T00:38:36.643+05:30  INFO 13968 --- [AssetManagement] [main] c.h.a.AssetManagementApplication         : No active profile set, falling back to 1 default profile: "default"
2025-06-02T00:38:37.488+05:30  INFO 13968 --- [AssetManagement] [main] .s.d.r.c.RepositoryConfigurationDelegate : Bootstrapping Spring Data JPA repositories in DEFAULT mode.
2025-06-02T00:38:37.557+05:30  INFO 13968 --- [AssetManagement] [main] .s.d.r.c.RepositoryConfigurationDelegate : Finished Spring Data repository scanning in 59 ms. Found 6 JPA repository interfaces.
2025-06-02T00:38:38.139+05:30  INFO 13968 --- [AssetManagement] [main] o.s.b.w.embedded.tomcat.TomcatWebServer  : Tomcat initialized with port 8081 (http)
2025-06-02T00:38:38.157+05:30  INFO 13968 --- [AssetManagement] [main] o.apache.catalina.core.StandardService   : Starting service [Tomcat]
2025-06-02T00:38:38.157+05:30  INFO 13968 --- [AssetManagement] [main] o.apache.catalina.core.StandardEngine    : Starting Servlet engine: [Apache Tomcat/10.1.40]
2025-06-02T00:38:38.214+05:30  INFO 13968 --- [AssetManagement] [main] o.a.c.c.C.[Tomcat].[localhost].[/]       : Initializing Spring embedded WebApplicationContext
2025-06-02T00:38:38.215+05:30  INFO 13968 --- [AssetManagement] [main] w.s.c.ServletWebServerApplicationContext : Root WebApplicationContext: initialization completed in 1526 ms
2025-06-02T00:38:38.347+05:30  INFO 13968 --- [AssetManagement] [main] o.hibernate.jpa.internal.util.LogHelper  : HHH000204: Processing PersistenceUnitInfo [name: default]
2025-06-02T00:38:38.383+05:30  INFO 13968 --- [AssetManagement] [main] org.hibernate.Version                    : HHH000412: Hibernate ORM core version 6.6.13.Final
2025-06-02T00:38:38.417+05:30  INFO 13968 --- [AssetManagement] [main] o.h.c.internal.RegionFactoryInitiator    : HHH000026: Second-level cache disabled
2025-06-02T00:38:38.668+05:30  INFO 13968 --- [AssetManagement] [main] o.s.o.j.p.SpringPersistenceUnitInfo      : No LoadTimeWeaver setup: ignoring JPA class transformer
2025-06-02T00:38:38.700+05:30  INFO 13968 --- [AssetManagement] [main] com.zaxxer.hikari.HikariDataSource       : HikariPool-1 - Starting...
2025-06-02T00:38:39.045+05:30  INFO 13968 --- [AssetManagement] [main] com.zaxxer.hikari.pool.HikariPool        : HikariPool-1 - Added connection com.mysql.cj.jdbc.ConnectionImpl@3a80c534
2025-06-02T00:38:39.047+05:30  INFO 13968 --- [AssetManagement] [main] com.zaxxer.hikari.HikariDataSource       : HikariPool-1 - Start completed.
2025-06-02T00:38:39.099+05:30  WARN 13968 --- [AssetManagement] [main] org.hibernate.orm.deprecation            : HHH90000025: MySQLDialect does not need to be specified explicitly using 'hibernate.dialect' (remove the property setting and it will be selected by default)
2025-06-02T00:38:39.114+05:30  INFO 13968 --- [AssetManagement] [main] org.hibernate.orm.connections.pooling    : HHH10001005: Database info:
	Database JDBC URL [Connecting through datasource 'HikariDataSource (HikariPool-1)']
	Database driver: undefined/unknown
	Database version: 8.0.41
	Autocommit mode: undefined/unknown
	Isolation level: undefined/unknown
	Minimum pool size: undefined/unknown
	Maximum pool size: undefined/unknown
2025-06-02T00:38:40.186+05:30  INFO 13968 --- [AssetManagement] [main] o.h.e.t.j.p.i.JtaPlatformInitiator       : HHH000489: No JTA platform available (set 'hibernate.transaction.jta.platform' to enable JTA platform integration)
2025-06-02T00:38:41.531+05:30  INFO 13968 --- [AssetManagement] [main] j.LocalContainerEntityManagerFactoryBean : Initialized JPA EntityManagerFactory for persistence unit 'default'
2025-06-02T00:38:42.515+05:30  WARN 13968 --- [AssetManagement] [main] JpaBaseConfiguration$JpaWebConfiguration : spring.jpa.open-in-view is enabled by default. Therefore, database queries may be performed during view rendering. Explicitly configure spring.jpa.open-in-view to disable this warning
2025-06-02T00:38:43.059+05:30  INFO 13968 --- [AssetManagement] [main] o.s.b.w.embedded.tomcat.TomcatWebServer  : Tomcat started on port 8081 (http) with context path '/'
2025-06-02T00:38:43.067+05:30  INFO 13968 --- [AssetManagement] [main] c.h.a.AssetManagementApplication         : Started AssetManagementApplication in 6.987 seconds (process running for 7.671)
2025-06-02T00:40:08.735+05:30  INFO 13968 --- [AssetManagement] [http-nio-8081-exec-1] o.a.c.c.C.[Tomcat].[localhost].[/]       : Initializing Spring DispatcherServlet 'dispatcherServlet'
2025-06-02T00:40:08.735+05:30  INFO 13968 --- [AssetManagement] [http-nio-8081-exec-1] o.s.web.servlet.DispatcherServlet        : Initializing Servlet 'dispatcherServlet'
2025-06-02T00:40:08.735+05:30  INFO 13968 --- [AssetManagement] [http-nio-8081-exec-1] o.s.web.servlet.DispatcherServlet        : Completed initialization in 0 ms
2025-06-02T00:40:09.318+05:30  INFO 13968 --- [AssetManagement] [http-nio-8081-exec-5] o.springdoc.api.AbstractOpenApiResource  : Init duration for springdoc-openapi is: 325 ms
2025-06-02T00:45:21.778+05:30  INFO 13968 --- [AssetManagement] [RMI TCP Connection(16)-127.0.0.1] inMXBeanRegistrar$SpringApplicationAdmin : Application shutdown requested.
2025-06-02T00:45:21.778+05:30  INFO 13968 --- [AssetManagement] [RMI TCP Connection(16)-127.0.0.1] o.s.b.w.e.tomcat.GracefulShutdown        : Commencing graceful shutdown. Waiting for active requests to complete
2025-06-02T00:45:21.778+05:30  INFO 13968 --- [AssetManagement] [tomcat-shutdown] o.s.b.w.e.tomcat.GracefulShutdown        : Graceful shutdown complete
2025-06-02T00:45:21.778+05:30  INFO 13968 --- [AssetManagement] [RMI TCP Connection(16)-127.0.0.1] j.LocalContainerEntityManagerFactoryBean : Closing JPA EntityManagerFactory for persistence unit 'default'
2025-06-02T00:45:21.794+05:30  INFO 13968 --- [AssetManagement] [RMI TCP Connection(16)-127.0.0.1] com.zaxxer.hikari.HikariDataSource       : HikariPool-1 - Shutdown initiated...
2025-06-02T00:45:21.795+05:30  INFO 13968 --- [AssetManagement] [RMI TCP Connection(16)-127.0.0.1] com.zaxxer.hikari.HikariDataSource       : HikariPool-1 - Shutdown completed.
